Terminals unused in grammar

   TOK_ERROR


Rules useless in parser due to conflicts

   44 if_else_then_exp: TOK_IF TOK_PARENTESISIZQUIERDO exp TOK_PARENTESISDERECHO


State 117 conflicts: 1 reduce/reduce


Grammar

    0 $accept: programa $end

    1 programa: TOK_MAIN TOK_LLAVEIZQUIERDA declaraciones escritura_TS funciones escritura_main sentencias TOK_LLAVEDERECHA

    2 escritura_TS: %empty

    3 escritura_main: %empty

    4 declaraciones: declaracion
    5              | declaracion declaraciones

    6 declaracion: clase identificadores TOK_PUNTOYCOMA

    7 clase: clase_escalar
    8      | clase_vector

    9 clase_escalar: tipo

   10 tipo: TOK_INT
   11     | TOK_BOOLEAN

   12 clase_vector: TOK_ARRAY tipo TOK_CORCHETEIZQUIERDO TOK_CONSTANTE_ENTERA TOK_CORCHETEDERECHO

   13 identificadores: identificador
   14                | identificador TOK_COMA identificadores

   15 funciones: funcion funciones
   16          | %empty

   17 fn_name: TOK_FUNCTION tipo TOK_IDENTIFICADOR

   18 fn_declaration: fn_name TOK_PARENTESISIZQUIERDO parametros_funcion TOK_PARENTESISDERECHO TOK_CORCHETEIZQUIERDO declaraciones_funcion

   19 funcion: fn_declaration sentencias TOK_CORCHETEDERECHO

   20 parametros_funcion: parametro_funcion resto_parametros_funcion
   21                   | %empty

   22 resto_parametros_funcion: TOK_PUNTOYCOMA parametro_funcion resto_parametros_funcion
   23                         | %empty

   24 parametro_funcion: tipo idpf

   25 declaraciones_funcion: declaraciones
   26                      | %empty

   27 sentencias: sentencia
   28           | sentencia sentencias

   29 sentencia: sentencia_simple TOK_PUNTOYCOMA
   30          | bloque

   31 sentencia_simple: asignacion
   32                 | lectura
   33                 | escritura
   34                 | retorno_funcion

   35 bloque: condicional
   36       | bucle

   37 asignacion: TOK_IDENTIFICADOR TOK_ASIGNACION exp
   38           | elemento_vector TOK_ASIGNACION exp

   39 elemento_vector: TOK_IDENTIFICADOR TOK_CORCHETEIZQUIERDO exp TOK_CORCHETEDERECHO

   40 condicional: if_exp TOK_LLAVEIZQUIERDA sentencias TOK_LLAVEDERECHA
   41            | if_else_then_else_exp TOK_LLAVEIZQUIERDA sentencias TOK_LLAVEDERECHA

   42 if_exp: TOK_IF TOK_PARENTESISIZQUIERDO exp TOK_PARENTESISDERECHO

   43 if_else_then_else_exp: if_else_then_exp TOK_LLAVEIZQUIERDA sentencias TOK_LLAVEDERECHA TOK_ELSE

   44 if_else_then_exp: TOK_IF TOK_PARENTESISIZQUIERDO exp TOK_PARENTESISDERECHO

   45 bucle: while_exp TOK_LLAVEIZQUIERDA sentencias TOK_LLAVEDERECHA

   46 while_exp: while_tok TOK_PARENTESISIZQUIERDO exp TOK_PARENTESISDERECHO

   47 while_tok: TOK_WHILE

   48 lectura: TOK_SCANF TOK_IDENTIFICADOR

   49 escritura: TOK_PRINTF exp

   50 retorno_funcion: TOK_RETURN exp

   51 exp: exp TOK_MAS exp
   52    | exp TOK_MENOS exp
   53    | exp TOK_DIVISION exp
   54    | exp TOK_ASTERISCO exp
   55    | TOK_MENOS exp
   56    | exp TOK_AND exp
   57    | exp TOK_OR exp
   58    | TOK_NOT exp
   59    | TOK_IDENTIFICADOR
   60    | constante
   61    | TOK_PARENTESISIZQUIERDO exp TOK_PARENTESISDERECHO
   62    | TOK_PARENTESISIZQUIERDO comparacion TOK_PARENTESISDERECHO
   63    | elemento_vector
   64    | idf_llamada_funcion TOK_PARENTESISIZQUIERDO lista_expresiones TOK_PARENTESISDERECHO

   65 idf_llamada_funcion: TOK_IDENTIFICADOR

   66 lista_expresiones: exp resto_lista_expresiones
   67                  | %empty

   68 resto_lista_expresiones: TOK_COMA exp resto_lista_expresiones
   69                        | %empty

   70 comparacion: exp TOK_IGUAL exp
   71            | exp TOK_DISTINTO exp
   72            | exp TOK_MENORIGUAL exp
   73            | exp TOK_MAYORIGUAL exp
   74            | exp TOK_MENOR exp
   75            | exp TOK_MAYOR exp

   76 constante: constante_logica
   77          | constante_entera

   78 constante_logica: TOK_TRUE
   79                 | TOK_FALSE

   80 constante_entera: TOK_CONSTANTE_ENTERA

   81 identificador: TOK_IDENTIFICADOR

   82 idpf: TOK_IDENTIFICADOR


Terminals, with rules where they appear

$end (0) 0
error (256)
TOK_MAIN (258) 1
TOK_INT (259) 10
TOK_BOOLEAN (260) 11
TOK_ARRAY (261) 12
TOK_FUNCTION (262) 17
TOK_IF (263) 42 44
TOK_ELSE (264) 43
TOK_WHILE (265) 47
TOK_SCANF (266) 48
TOK_PRINTF (267) 49
TOK_RETURN (268) 50
TOK_PUNTOYCOMA (269) 6 22 29
TOK_COMA (270) 14 68
TOK_PARENTESISIZQUIERDO (271) 18 42 44 46 61 62 64
TOK_PARENTESISDERECHO (272) 18 42 44 46 61 62 64
TOK_CORCHETEIZQUIERDO (273) 12 18 39
TOK_CORCHETEDERECHO (274) 12 19 39
TOK_LLAVEIZQUIERDA (275) 1 40 41 43 45
TOK_LLAVEDERECHA (276) 1 40 41 43 45
TOK_ASIGNACION (277) 37 38
TOK_MAS (278) 51
TOK_MENOS (279) 52 55
TOK_DIVISION (280) 53
TOK_ASTERISCO (281) 54
TOK_AND (282) 56
TOK_OR (283) 57
TOK_NOT (284) 58
TOK_IGUAL (285) 70
TOK_DISTINTO (286) 71
TOK_MENORIGUAL (287) 72
TOK_MAYORIGUAL (288) 73
TOK_MENOR (289) 74
TOK_MAYOR (290) 75
TOK_IDENTIFICADOR (291) 17 37 39 48 59 65 81 82
TOK_CONSTANTE_ENTERA (292) 12 80
TOK_TRUE (293) 78
TOK_FALSE (294) 79
TOK_ERROR (295)


Nonterminals, with rules where they appear

$accept (41)
    on left: 0
programa (42)
    on left: 1, on right: 0
escritura_TS (43)
    on left: 2, on right: 1
escritura_main (44)
    on left: 3, on right: 1
declaraciones (45)
    on left: 4 5, on right: 1 5 25
declaracion (46)
    on left: 6, on right: 4 5
clase (47)
    on left: 7 8, on right: 6
clase_escalar (48)
    on left: 9, on right: 7
tipo (49)
    on left: 10 11, on right: 9 12 17 24
clase_vector (50)
    on left: 12, on right: 8
identificadores (51)
    on left: 13 14, on right: 6 14
funciones (52)
    on left: 15 16, on right: 1 15
fn_name (53)
    on left: 17, on right: 18
fn_declaration (54)
    on left: 18, on right: 19
funcion (55)
    on left: 19, on right: 15
parametros_funcion (56)
    on left: 20 21, on right: 18
resto_parametros_funcion (57)
    on left: 22 23, on right: 20 22
parametro_funcion (58)
    on left: 24, on right: 20 22
declaraciones_funcion (59)
    on left: 25 26, on right: 18
sentencias (60)
    on left: 27 28, on right: 1 19 28 40 41 43 45
sentencia (61)
    on left: 29 30, on right: 27 28
sentencia_simple (62)
    on left: 31 32 33 34, on right: 29
bloque (63)
    on left: 35 36, on right: 30
asignacion (64)
    on left: 37 38, on right: 31
elemento_vector (65)
    on left: 39, on right: 38 63
condicional (66)
    on left: 40 41, on right: 35
if_exp (67)
    on left: 42, on right: 40
if_else_then_else_exp (68)
    on left: 43, on right: 41
if_else_then_exp (69)
    on left: 44, on right: 43
bucle (70)
    on left: 45, on right: 36
while_exp (71)
    on left: 46, on right: 45
while_tok (72)
    on left: 47, on right: 46
lectura (73)
    on left: 48, on right: 32
escritura (74)
    on left: 49, on right: 33
retorno_funcion (75)
    on left: 50, on right: 34
exp (76)
    on left: 51 52 53 54 55 56 57 58 59 60 61 62 63 64, on right: 37
    38 39 42 44 46 49 50 51 52 53 54 55 56 57 58 61 66 68 70 71 72
    73 74 75
idf_llamada_funcion (77)
    on left: 65, on right: 64
lista_expresiones (78)
    on left: 66 67, on right: 64
resto_lista_expresiones (79)
    on left: 68 69, on right: 66 68
comparacion (80)
    on left: 70 71 72 73 74 75, on right: 62
constante (81)
    on left: 76 77, on right: 60
constante_logica (82)
    on left: 78 79, on right: 76
constante_entera (83)
    on left: 80, on right: 77
identificador (84)
    on left: 81, on right: 13 14
idpf (85)
    on left: 82, on right: 24


State 0

    0 $accept: . programa $end

    TOK_MAIN  shift, and go to state 1

    programa  go to state 2


State 1

    1 programa: TOK_MAIN . TOK_LLAVEIZQUIERDA declaraciones escritura_TS funciones escritura_main sentencias TOK_LLAVEDERECHA

    TOK_LLAVEIZQUIERDA  shift, and go to state 3


State 2

    0 $accept: programa . $end

    $end  shift, and go to state 4


State 3

    1 programa: TOK_MAIN TOK_LLAVEIZQUIERDA . declaraciones escritura_TS funciones escritura_main sentencias TOK_LLAVEDERECHA

    TOK_INT      shift, and go to state 5
    TOK_BOOLEAN  shift, and go to state 6
    TOK_ARRAY    shift, and go to state 7

    declaraciones  go to state 8
    declaracion    go to state 9
    clase          go to state 10
    clase_escalar  go to state 11
    tipo           go to state 12
    clase_vector   go to state 13


State 4

    0 $accept: programa $end .

    $default  accept


State 5

   10 tipo: TOK_INT .

    $default  reduce using rule 10 (tipo)


State 6

   11 tipo: TOK_BOOLEAN .

    $default  reduce using rule 11 (tipo)


State 7

   12 clase_vector: TOK_ARRAY . tipo TOK_CORCHETEIZQUIERDO TOK_CONSTANTE_ENTERA TOK_CORCHETEDERECHO

    TOK_INT      shift, and go to state 5
    TOK_BOOLEAN  shift, and go to state 6

    tipo  go to state 14


State 8

    1 programa: TOK_MAIN TOK_LLAVEIZQUIERDA declaraciones . escritura_TS funciones escritura_main sentencias TOK_LLAVEDERECHA

    $default  reduce using rule 2 (escritura_TS)

    escritura_TS  go to state 15


State 9

    4 declaraciones: declaracion .
    5              | declaracion . declaraciones

    TOK_INT      shift, and go to state 5
    TOK_BOOLEAN  shift, and go to state 6
    TOK_ARRAY    shift, and go to state 7

    $default  reduce using rule 4 (declaraciones)

    declaraciones  go to state 16
    declaracion    go to state 9
    clase          go to state 10
    clase_escalar  go to state 11
    tipo           go to state 12
    clase_vector   go to state 13


State 10

    6 declaracion: clase . identificadores TOK_PUNTOYCOMA

    TOK_IDENTIFICADOR  shift, and go to state 17

    identificadores  go to state 18
    identificador    go to state 19


State 11

    7 clase: clase_escalar .

    $default  reduce using rule 7 (clase)


State 12

    9 clase_escalar: tipo .

    $default  reduce using rule 9 (clase_escalar)


State 13

    8 clase: clase_vector .

    $default  reduce using rule 8 (clase)


State 14

   12 clase_vector: TOK_ARRAY tipo . TOK_CORCHETEIZQUIERDO TOK_CONSTANTE_ENTERA TOK_CORCHETEDERECHO

    TOK_CORCHETEIZQUIERDO  shift, and go to state 20


State 15

    1 programa: TOK_MAIN TOK_LLAVEIZQUIERDA declaraciones escritura_TS . funciones escritura_main sentencias TOK_LLAVEDERECHA

    TOK_FUNCTION  shift, and go to state 21

    $default  reduce using rule 16 (funciones)

    funciones       go to state 22
    fn_name         go to state 23
    fn_declaration  go to state 24
    funcion         go to state 25


State 16

    5 declaraciones: declaracion declaraciones .

    $default  reduce using rule 5 (declaraciones)


State 17

   81 identificador: TOK_IDENTIFICADOR .

    $default  reduce using rule 81 (identificador)


State 18

    6 declaracion: clase identificadores . TOK_PUNTOYCOMA

    TOK_PUNTOYCOMA  shift, and go to state 26


State 19

   13 identificadores: identificador .
   14                | identificador . TOK_COMA identificadores

    TOK_COMA  shift, and go to state 27

    $default  reduce using rule 13 (identificadores)


State 20

   12 clase_vector: TOK_ARRAY tipo TOK_CORCHETEIZQUIERDO . TOK_CONSTANTE_ENTERA TOK_CORCHETEDERECHO

    TOK_CONSTANTE_ENTERA  shift, and go to state 28


State 21

   17 fn_name: TOK_FUNCTION . tipo TOK_IDENTIFICADOR

    TOK_INT      shift, and go to state 5
    TOK_BOOLEAN  shift, and go to state 6

    tipo  go to state 29


State 22

    1 programa: TOK_MAIN TOK_LLAVEIZQUIERDA declaraciones escritura_TS funciones . escritura_main sentencias TOK_LLAVEDERECHA

    $default  reduce using rule 3 (escritura_main)

    escritura_main  go to state 30


State 23

   18 fn_declaration: fn_name . TOK_PARENTESISIZQUIERDO parametros_funcion TOK_PARENTESISDERECHO TOK_CORCHETEIZQUIERDO declaraciones_funcion

    TOK_PARENTESISIZQUIERDO  shift, and go to state 31


State 24

   19 funcion: fn_declaration . sentencias TOK_CORCHETEDERECHO

    TOK_IF             shift, and go to state 32
    TOK_WHILE          shift, and go to state 33
    TOK_SCANF          shift, and go to state 34
    TOK_PRINTF         shift, and go to state 35
    TOK_RETURN         shift, and go to state 36
    TOK_IDENTIFICADOR  shift, and go to state 37

    sentencias             go to state 38
    sentencia              go to state 39
    sentencia_simple       go to state 40
    bloque                 go to state 41
    asignacion             go to state 42
    elemento_vector        go to state 43
    condicional            go to state 44
    if_exp                 go to state 45
    if_else_then_else_exp  go to state 46
    if_else_then_exp       go to state 47
    bucle                  go to state 48
    while_exp              go to state 49
    while_tok              go to state 50
    lectura                go to state 51
    escritura              go to state 52
    retorno_funcion        go to state 53


State 25

   15 funciones: funcion . funciones

    TOK_FUNCTION  shift, and go to state 21

    $default  reduce using rule 16 (funciones)

    funciones       go to state 54
    fn_name         go to state 23
    fn_declaration  go to state 24
    funcion         go to state 25


State 26

    6 declaracion: clase identificadores TOK_PUNTOYCOMA .

    $default  reduce using rule 6 (declaracion)


State 27

   14 identificadores: identificador TOK_COMA . identificadores

    TOK_IDENTIFICADOR  shift, and go to state 17

    identificadores  go to state 55
    identificador    go to state 19


State 28

   12 clase_vector: TOK_ARRAY tipo TOK_CORCHETEIZQUIERDO TOK_CONSTANTE_ENTERA . TOK_CORCHETEDERECHO

    TOK_CORCHETEDERECHO  shift, and go to state 56


State 29

   17 fn_name: TOK_FUNCTION tipo . TOK_IDENTIFICADOR

    TOK_IDENTIFICADOR  shift, and go to state 57


State 30

    1 programa: TOK_MAIN TOK_LLAVEIZQUIERDA declaraciones escritura_TS funciones escritura_main . sentencias TOK_LLAVEDERECHA

    TOK_IF             shift, and go to state 32
    TOK_WHILE          shift, and go to state 33
    TOK_SCANF          shift, and go to state 34
    TOK_PRINTF         shift, and go to state 35
    TOK_RETURN         shift, and go to state 36
    TOK_IDENTIFICADOR  shift, and go to state 37

    sentencias             go to state 58
    sentencia              go to state 39
    sentencia_simple       go to state 40
    bloque                 go to state 41
    asignacion             go to state 42
    elemento_vector        go to state 43
    condicional            go to state 44
    if_exp                 go to state 45
    if_else_then_else_exp  go to state 46
    if_else_then_exp       go to state 47
    bucle                  go to state 48
    while_exp              go to state 49
    while_tok              go to state 50
    lectura                go to state 51
    escritura              go to state 52
    retorno_funcion        go to state 53


State 31

   18 fn_declaration: fn_name TOK_PARENTESISIZQUIERDO . parametros_funcion TOK_PARENTESISDERECHO TOK_CORCHETEIZQUIERDO declaraciones_funcion

    TOK_INT      shift, and go to state 5
    TOK_BOOLEAN  shift, and go to state 6

    $default  reduce using rule 21 (parametros_funcion)

    tipo                go to state 59
    parametros_funcion  go to state 60
    parametro_funcion   go to state 61


State 32

   42 if_exp: TOK_IF . TOK_PARENTESISIZQUIERDO exp TOK_PARENTESISDERECHO
   44 if_else_then_exp: TOK_IF . TOK_PARENTESISIZQUIERDO exp TOK_PARENTESISDERECHO

    TOK_PARENTESISIZQUIERDO  shift, and go to state 62


State 33

   47 while_tok: TOK_WHILE .

    $default  reduce using rule 47 (while_tok)


State 34

   48 lectura: TOK_SCANF . TOK_IDENTIFICADOR

    TOK_IDENTIFICADOR  shift, and go to state 63


State 35

   49 escritura: TOK_PRINTF . exp

    TOK_PARENTESISIZQUIERDO  shift, and go to state 64
    TOK_MENOS                shift, and go to state 65
    TOK_NOT                  shift, and go to state 66
    TOK_IDENTIFICADOR        shift, and go to state 67
    TOK_CONSTANTE_ENTERA     shift, and go to state 68
    TOK_TRUE                 shift, and go to state 69
    TOK_FALSE                shift, and go to state 70

    elemento_vector      go to state 71
    exp                  go to state 72
    idf_llamada_funcion  go to state 73
    constante            go to state 74
    constante_logica     go to state 75
    constante_entera     go to state 76


State 36

   50 retorno_funcion: TOK_RETURN . exp

    TOK_PARENTESISIZQUIERDO  shift, and go to state 64
    TOK_MENOS                shift, and go to state 65
    TOK_NOT                  shift, and go to state 66
    TOK_IDENTIFICADOR        shift, and go to state 67
    TOK_CONSTANTE_ENTERA     shift, and go to state 68
    TOK_TRUE                 shift, and go to state 69
    TOK_FALSE                shift, and go to state 70

    elemento_vector      go to state 71
    exp                  go to state 77
    idf_llamada_funcion  go to state 73
    constante            go to state 74
    constante_logica     go to state 75
    constante_entera     go to state 76


State 37

   37 asignacion: TOK_IDENTIFICADOR . TOK_ASIGNACION exp
   39 elemento_vector: TOK_IDENTIFICADOR . TOK_CORCHETEIZQUIERDO exp TOK_CORCHETEDERECHO

    TOK_CORCHETEIZQUIERDO  shift, and go to state 78
    TOK_ASIGNACION         shift, and go to state 79


State 38

   19 funcion: fn_declaration sentencias . TOK_CORCHETEDERECHO

    TOK_CORCHETEDERECHO  shift, and go to state 80


State 39

   27 sentencias: sentencia .
   28           | sentencia . sentencias

    TOK_IF             shift, and go to state 32
    TOK_WHILE          shift, and go to state 33
    TOK_SCANF          shift, and go to state 34
    TOK_PRINTF         shift, and go to state 35
    TOK_RETURN         shift, and go to state 36
    TOK_IDENTIFICADOR  shift, and go to state 37

    $default  reduce using rule 27 (sentencias)

    sentencias             go to state 81
    sentencia              go to state 39
    sentencia_simple       go to state 40
    bloque                 go to state 41
    asignacion             go to state 42
    elemento_vector        go to state 43
    condicional            go to state 44
    if_exp                 go to state 45
    if_else_then_else_exp  go to state 46
    if_else_then_exp       go to state 47
    bucle                  go to state 48
    while_exp              go to state 49
    while_tok              go to state 50
    lectura                go to state 51
    escritura              go to state 52
    retorno_funcion        go to state 53


State 40

   29 sentencia: sentencia_simple . TOK_PUNTOYCOMA

    TOK_PUNTOYCOMA  shift, and go to state 82


State 41

   30 sentencia: bloque .

    $default  reduce using rule 30 (sentencia)


State 42

   31 sentencia_simple: asignacion .

    $default  reduce using rule 31 (sentencia_simple)


State 43

   38 asignacion: elemento_vector . TOK_ASIGNACION exp

    TOK_ASIGNACION  shift, and go to state 83


State 44

   35 bloque: condicional .

    $default  reduce using rule 35 (bloque)


State 45

   40 condicional: if_exp . TOK_LLAVEIZQUIERDA sentencias TOK_LLAVEDERECHA

    TOK_LLAVEIZQUIERDA  shift, and go to state 84


State 46

   41 condicional: if_else_then_else_exp . TOK_LLAVEIZQUIERDA sentencias TOK_LLAVEDERECHA

    TOK_LLAVEIZQUIERDA  shift, and go to state 85


State 47

   43 if_else_then_else_exp: if_else_then_exp . TOK_LLAVEIZQUIERDA sentencias TOK_LLAVEDERECHA TOK_ELSE

    TOK_LLAVEIZQUIERDA  shift, and go to state 86


State 48

   36 bloque: bucle .

    $default  reduce using rule 36 (bloque)


State 49

   45 bucle: while_exp . TOK_LLAVEIZQUIERDA sentencias TOK_LLAVEDERECHA

    TOK_LLAVEIZQUIERDA  shift, and go to state 87


State 50

   46 while_exp: while_tok . TOK_PARENTESISIZQUIERDO exp TOK_PARENTESISDERECHO

    TOK_PARENTESISIZQUIERDO  shift, and go to state 88


State 51

   32 sentencia_simple: lectura .

    $default  reduce using rule 32 (sentencia_simple)


State 52

   33 sentencia_simple: escritura .

    $default  reduce using rule 33 (sentencia_simple)


State 53

   34 sentencia_simple: retorno_funcion .

    $default  reduce using rule 34 (sentencia_simple)


State 54

   15 funciones: funcion funciones .

    $default  reduce using rule 15 (funciones)


State 55

   14 identificadores: identificador TOK_COMA identificadores .

    $default  reduce using rule 14 (identificadores)


State 56

   12 clase_vector: TOK_ARRAY tipo TOK_CORCHETEIZQUIERDO TOK_CONSTANTE_ENTERA TOK_CORCHETEDERECHO .

    $default  reduce using rule 12 (clase_vector)


State 57

   17 fn_name: TOK_FUNCTION tipo TOK_IDENTIFICADOR .

    $default  reduce using rule 17 (fn_name)


State 58

    1 programa: TOK_MAIN TOK_LLAVEIZQUIERDA declaraciones escritura_TS funciones escritura_main sentencias . TOK_LLAVEDERECHA

    TOK_LLAVEDERECHA  shift, and go to state 89


State 59

   24 parametro_funcion: tipo . idpf

    TOK_IDENTIFICADOR  shift, and go to state 90

    idpf  go to state 91


State 60

   18 fn_declaration: fn_name TOK_PARENTESISIZQUIERDO parametros_funcion . TOK_PARENTESISDERECHO TOK_CORCHETEIZQUIERDO declaraciones_funcion

    TOK_PARENTESISDERECHO  shift, and go to state 92


State 61

   20 parametros_funcion: parametro_funcion . resto_parametros_funcion

    TOK_PUNTOYCOMA  shift, and go to state 93

    $default  reduce using rule 23 (resto_parametros_funcion)

    resto_parametros_funcion  go to state 94


State 62

   42 if_exp: TOK_IF TOK_PARENTESISIZQUIERDO . exp TOK_PARENTESISDERECHO
   44 if_else_then_exp: TOK_IF TOK_PARENTESISIZQUIERDO . exp TOK_PARENTESISDERECHO

    TOK_PARENTESISIZQUIERDO  shift, and go to state 64
    TOK_MENOS                shift, and go to state 65
    TOK_NOT                  shift, and go to state 66
    TOK_IDENTIFICADOR        shift, and go to state 67
    TOK_CONSTANTE_ENTERA     shift, and go to state 68
    TOK_TRUE                 shift, and go to state 69
    TOK_FALSE                shift, and go to state 70

    elemento_vector      go to state 71
    exp                  go to state 95
    idf_llamada_funcion  go to state 73
    constante            go to state 74
    constante_logica     go to state 75
    constante_entera     go to state 76


State 63

   48 lectura: TOK_SCANF TOK_IDENTIFICADOR .

    $default  reduce using rule 48 (lectura)


State 64

   61 exp: TOK_PARENTESISIZQUIERDO . exp TOK_PARENTESISDERECHO
   62    | TOK_PARENTESISIZQUIERDO . comparacion TOK_PARENTESISDERECHO

    TOK_PARENTESISIZQUIERDO  shift, and go to state 64
    TOK_MENOS                shift, and go to state 65
    TOK_NOT                  shift, and go to state 66
    TOK_IDENTIFICADOR        shift, and go to state 67
    TOK_CONSTANTE_ENTERA     shift, and go to state 68
    TOK_TRUE                 shift, and go to state 69
    TOK_FALSE                shift, and go to state 70

    elemento_vector      go to state 71
    exp                  go to state 96
    idf_llamada_funcion  go to state 73
    comparacion          go to state 97
    constante            go to state 74
    constante_logica     go to state 75
    constante_entera     go to state 76


State 65

   55 exp: TOK_MENOS . exp

    TOK_PARENTESISIZQUIERDO  shift, and go to state 64
    TOK_MENOS                shift, and go to state 65
    TOK_NOT                  shift, and go to state 66
    TOK_IDENTIFICADOR        shift, and go to state 67
    TOK_CONSTANTE_ENTERA     shift, and go to state 68
    TOK_TRUE                 shift, and go to state 69
    TOK_FALSE                shift, and go to state 70

    elemento_vector      go to state 71
    exp                  go to state 98
    idf_llamada_funcion  go to state 73
    constante            go to state 74
    constante_logica     go to state 75
    constante_entera     go to state 76


State 66

   58 exp: TOK_NOT . exp

    TOK_PARENTESISIZQUIERDO  shift, and go to state 64
    TOK_MENOS                shift, and go to state 65
    TOK_NOT                  shift, and go to state 66
    TOK_IDENTIFICADOR        shift, and go to state 67
    TOK_CONSTANTE_ENTERA     shift, and go to state 68
    TOK_TRUE                 shift, and go to state 69
    TOK_FALSE                shift, and go to state 70

    elemento_vector      go to state 71
    exp                  go to state 99
    idf_llamada_funcion  go to state 73
    constante            go to state 74
    constante_logica     go to state 75
    constante_entera     go to state 76


State 67

   39 elemento_vector: TOK_IDENTIFICADOR . TOK_CORCHETEIZQUIERDO exp TOK_CORCHETEDERECHO
   59 exp: TOK_IDENTIFICADOR .
   65 idf_llamada_funcion: TOK_IDENTIFICADOR .

    TOK_CORCHETEIZQUIERDO  shift, and go to state 78

    TOK_PARENTESISIZQUIERDO  reduce using rule 65 (idf_llamada_funcion)
    $default                 reduce using rule 59 (exp)


State 68

   80 constante_entera: TOK_CONSTANTE_ENTERA .

    $default  reduce using rule 80 (constante_entera)


State 69

   78 constante_logica: TOK_TRUE .

    $default  reduce using rule 78 (constante_logica)


State 70

   79 constante_logica: TOK_FALSE .

    $default  reduce using rule 79 (constante_logica)


State 71

   63 exp: elemento_vector .

    $default  reduce using rule 63 (exp)


State 72

   49 escritura: TOK_PRINTF exp .
   51 exp: exp . TOK_MAS exp
   52    | exp . TOK_MENOS exp
   53    | exp . TOK_DIVISION exp
   54    | exp . TOK_ASTERISCO exp
   56    | exp . TOK_AND exp
   57    | exp . TOK_OR exp

    TOK_MAS        shift, and go to state 100
    TOK_MENOS      shift, and go to state 101
    TOK_DIVISION   shift, and go to state 102
    TOK_ASTERISCO  shift, and go to state 103
    TOK_AND        shift, and go to state 104
    TOK_OR         shift, and go to state 105

    $default  reduce using rule 49 (escritura)


State 73

   64 exp: idf_llamada_funcion . TOK_PARENTESISIZQUIERDO lista_expresiones TOK_PARENTESISDERECHO

    TOK_PARENTESISIZQUIERDO  shift, and go to state 106


State 74

   60 exp: constante .

    $default  reduce using rule 60 (exp)


State 75

   76 constante: constante_logica .

    $default  reduce using rule 76 (constante)


State 76

   77 constante: constante_entera .

    $default  reduce using rule 77 (constante)


State 77

   50 retorno_funcion: TOK_RETURN exp .
   51 exp: exp . TOK_MAS exp
   52    | exp . TOK_MENOS exp
   53    | exp . TOK_DIVISION exp
   54    | exp . TOK_ASTERISCO exp
   56    | exp . TOK_AND exp
   57    | exp . TOK_OR exp

    TOK_MAS        shift, and go to state 100
    TOK_MENOS      shift, and go to state 101
    TOK_DIVISION   shift, and go to state 102
    TOK_ASTERISCO  shift, and go to state 103
    TOK_AND        shift, and go to state 104
    TOK_OR         shift, and go to state 105

    $default  reduce using rule 50 (retorno_funcion)


State 78

   39 elemento_vector: TOK_IDENTIFICADOR TOK_CORCHETEIZQUIERDO . exp TOK_CORCHETEDERECHO

    TOK_PARENTESISIZQUIERDO  shift, and go to state 64
    TOK_MENOS                shift, and go to state 65
    TOK_NOT                  shift, and go to state 66
    TOK_IDENTIFICADOR        shift, and go to state 67
    TOK_CONSTANTE_ENTERA     shift, and go to state 68
    TOK_TRUE                 shift, and go to state 69
    TOK_FALSE                shift, and go to state 70

    elemento_vector      go to state 71
    exp                  go to state 107
    idf_llamada_funcion  go to state 73
    constante            go to state 74
    constante_logica     go to state 75
    constante_entera     go to state 76


State 79

   37 asignacion: TOK_IDENTIFICADOR TOK_ASIGNACION . exp

    TOK_PARENTESISIZQUIERDO  shift, and go to state 64
    TOK_MENOS                shift, and go to state 65
    TOK_NOT                  shift, and go to state 66
    TOK_IDENTIFICADOR        shift, and go to state 67
    TOK_CONSTANTE_ENTERA     shift, and go to state 68
    TOK_TRUE                 shift, and go to state 69
    TOK_FALSE                shift, and go to state 70

    elemento_vector      go to state 71
    exp                  go to state 108
    idf_llamada_funcion  go to state 73
    constante            go to state 74
    constante_logica     go to state 75
    constante_entera     go to state 76


State 80

   19 funcion: fn_declaration sentencias TOK_CORCHETEDERECHO .

    $default  reduce using rule 19 (funcion)


State 81

   28 sentencias: sentencia sentencias .

    $default  reduce using rule 28 (sentencias)


State 82

   29 sentencia: sentencia_simple TOK_PUNTOYCOMA .

    $default  reduce using rule 29 (sentencia)


State 83

   38 asignacion: elemento_vector TOK_ASIGNACION . exp

    TOK_PARENTESISIZQUIERDO  shift, and go to state 64
    TOK_MENOS                shift, and go to state 65
    TOK_NOT                  shift, and go to state 66
    TOK_IDENTIFICADOR        shift, and go to state 67
    TOK_CONSTANTE_ENTERA     shift, and go to state 68
    TOK_TRUE                 shift, and go to state 69
    TOK_FALSE                shift, and go to state 70

    elemento_vector      go to state 71
    exp                  go to state 109
    idf_llamada_funcion  go to state 73
    constante            go to state 74
    constante_logica     go to state 75
    constante_entera     go to state 76


State 84

   40 condicional: if_exp TOK_LLAVEIZQUIERDA . sentencias TOK_LLAVEDERECHA

    TOK_IF             shift, and go to state 32
    TOK_WHILE          shift, and go to state 33
    TOK_SCANF          shift, and go to state 34
    TOK_PRINTF         shift, and go to state 35
    TOK_RETURN         shift, and go to state 36
    TOK_IDENTIFICADOR  shift, and go to state 37

    sentencias             go to state 110
    sentencia              go to state 39
    sentencia_simple       go to state 40
    bloque                 go to state 41
    asignacion             go to state 42
    elemento_vector        go to state 43
    condicional            go to state 44
    if_exp                 go to state 45
    if_else_then_else_exp  go to state 46
    if_else_then_exp       go to state 47
    bucle                  go to state 48
    while_exp              go to state 49
    while_tok              go to state 50
    lectura                go to state 51
    escritura              go to state 52
    retorno_funcion        go to state 53


State 85

   41 condicional: if_else_then_else_exp TOK_LLAVEIZQUIERDA . sentencias TOK_LLAVEDERECHA

    TOK_IF             shift, and go to state 32
    TOK_WHILE          shift, and go to state 33
    TOK_SCANF          shift, and go to state 34
    TOK_PRINTF         shift, and go to state 35
    TOK_RETURN         shift, and go to state 36
    TOK_IDENTIFICADOR  shift, and go to state 37

    sentencias             go to state 111
    sentencia              go to state 39
    sentencia_simple       go to state 40
    bloque                 go to state 41
    asignacion             go to state 42
    elemento_vector        go to state 43
    condicional            go to state 44
    if_exp                 go to state 45
    if_else_then_else_exp  go to state 46
    if_else_then_exp       go to state 47
    bucle                  go to state 48
    while_exp              go to state 49
    while_tok              go to state 50
    lectura                go to state 51
    escritura              go to state 52
    retorno_funcion        go to state 53


State 86

   43 if_else_then_else_exp: if_else_then_exp TOK_LLAVEIZQUIERDA . sentencias TOK_LLAVEDERECHA TOK_ELSE

    TOK_IF             shift, and go to state 32
    TOK_WHILE          shift, and go to state 33
    TOK_SCANF          shift, and go to state 34
    TOK_PRINTF         shift, and go to state 35
    TOK_RETURN         shift, and go to state 36
    TOK_IDENTIFICADOR  shift, and go to state 37

    sentencias             go to state 112
    sentencia              go to state 39
    sentencia_simple       go to state 40
    bloque                 go to state 41
    asignacion             go to state 42
    elemento_vector        go to state 43
    condicional            go to state 44
    if_exp                 go to state 45
    if_else_then_else_exp  go to state 46
    if_else_then_exp       go to state 47
    bucle                  go to state 48
    while_exp              go to state 49
    while_tok              go to state 50
    lectura                go to state 51
    escritura              go to state 52
    retorno_funcion        go to state 53


State 87

   45 bucle: while_exp TOK_LLAVEIZQUIERDA . sentencias TOK_LLAVEDERECHA

    TOK_IF             shift, and go to state 32
    TOK_WHILE          shift, and go to state 33
    TOK_SCANF          shift, and go to state 34
    TOK_PRINTF         shift, and go to state 35
    TOK_RETURN         shift, and go to state 36
    TOK_IDENTIFICADOR  shift, and go to state 37

    sentencias             go to state 113
    sentencia              go to state 39
    sentencia_simple       go to state 40
    bloque                 go to state 41
    asignacion             go to state 42
    elemento_vector        go to state 43
    condicional            go to state 44
    if_exp                 go to state 45
    if_else_then_else_exp  go to state 46
    if_else_then_exp       go to state 47
    bucle                  go to state 48
    while_exp              go to state 49
    while_tok              go to state 50
    lectura                go to state 51
    escritura              go to state 52
    retorno_funcion        go to state 53


State 88

   46 while_exp: while_tok TOK_PARENTESISIZQUIERDO . exp TOK_PARENTESISDERECHO

    TOK_PARENTESISIZQUIERDO  shift, and go to state 64
    TOK_MENOS                shift, and go to state 65
    TOK_NOT                  shift, and go to state 66
    TOK_IDENTIFICADOR        shift, and go to state 67
    TOK_CONSTANTE_ENTERA     shift, and go to state 68
    TOK_TRUE                 shift, and go to state 69
    TOK_FALSE                shift, and go to state 70

    elemento_vector      go to state 71
    exp                  go to state 114
    idf_llamada_funcion  go to state 73
    constante            go to state 74
    constante_logica     go to state 75
    constante_entera     go to state 76


State 89

    1 programa: TOK_MAIN TOK_LLAVEIZQUIERDA declaraciones escritura_TS funciones escritura_main sentencias TOK_LLAVEDERECHA .

    $default  reduce using rule 1 (programa)


State 90

   82 idpf: TOK_IDENTIFICADOR .

    $default  reduce using rule 82 (idpf)


State 91

   24 parametro_funcion: tipo idpf .

    $default  reduce using rule 24 (parametro_funcion)


State 92

   18 fn_declaration: fn_name TOK_PARENTESISIZQUIERDO parametros_funcion TOK_PARENTESISDERECHO . TOK_CORCHETEIZQUIERDO declaraciones_funcion

    TOK_CORCHETEIZQUIERDO  shift, and go to state 115


State 93

   22 resto_parametros_funcion: TOK_PUNTOYCOMA . parametro_funcion resto_parametros_funcion

    TOK_INT      shift, and go to state 5
    TOK_BOOLEAN  shift, and go to state 6

    tipo               go to state 59
    parametro_funcion  go to state 116


State 94

   20 parametros_funcion: parametro_funcion resto_parametros_funcion .

    $default  reduce using rule 20 (parametros_funcion)


State 95

   42 if_exp: TOK_IF TOK_PARENTESISIZQUIERDO exp . TOK_PARENTESISDERECHO
   44 if_else_then_exp: TOK_IF TOK_PARENTESISIZQUIERDO exp . TOK_PARENTESISDERECHO
   51 exp: exp . TOK_MAS exp
   52    | exp . TOK_MENOS exp
   53    | exp . TOK_DIVISION exp
   54    | exp . TOK_ASTERISCO exp
   56    | exp . TOK_AND exp
   57    | exp . TOK_OR exp

    TOK_PARENTESISDERECHO  shift, and go to state 117
    TOK_MAS                shift, and go to state 100
    TOK_MENOS              shift, and go to state 101
    TOK_DIVISION           shift, and go to state 102
    TOK_ASTERISCO          shift, and go to state 103
    TOK_AND                shift, and go to state 104
    TOK_OR                 shift, and go to state 105


State 96

   51 exp: exp . TOK_MAS exp
   52    | exp . TOK_MENOS exp
   53    | exp . TOK_DIVISION exp
   54    | exp . TOK_ASTERISCO exp
   56    | exp . TOK_AND exp
   57    | exp . TOK_OR exp
   61    | TOK_PARENTESISIZQUIERDO exp . TOK_PARENTESISDERECHO
   70 comparacion: exp . TOK_IGUAL exp
   71            | exp . TOK_DISTINTO exp
   72            | exp . TOK_MENORIGUAL exp
   73            | exp . TOK_MAYORIGUAL exp
   74            | exp . TOK_MENOR exp
   75            | exp . TOK_MAYOR exp

    TOK_PARENTESISDERECHO  shift, and go to state 118
    TOK_MAS                shift, and go to state 100
    TOK_MENOS              shift, and go to state 101
    TOK_DIVISION           shift, and go to state 102
    TOK_ASTERISCO          shift, and go to state 103
    TOK_AND                shift, and go to state 104
    TOK_OR                 shift, and go to state 105
    TOK_IGUAL              shift, and go to state 119
    TOK_DISTINTO           shift, and go to state 120
    TOK_MENORIGUAL         shift, and go to state 121
    TOK_MAYORIGUAL         shift, and go to state 122
    TOK_MENOR              shift, and go to state 123
    TOK_MAYOR              shift, and go to state 124


State 97

   62 exp: TOK_PARENTESISIZQUIERDO comparacion . TOK_PARENTESISDERECHO

    TOK_PARENTESISDERECHO  shift, and go to state 125


State 98

   51 exp: exp . TOK_MAS exp
   52    | exp . TOK_MENOS exp
   53    | exp . TOK_DIVISION exp
   54    | exp . TOK_ASTERISCO exp
   55    | TOK_MENOS exp .
   56    | exp . TOK_AND exp
   57    | exp . TOK_OR exp

    TOK_DIVISION   shift, and go to state 102
    TOK_ASTERISCO  shift, and go to state 103

    $default  reduce using rule 55 (exp)


State 99

   51 exp: exp . TOK_MAS exp
   52    | exp . TOK_MENOS exp
   53    | exp . TOK_DIVISION exp
   54    | exp . TOK_ASTERISCO exp
   56    | exp . TOK_AND exp
   57    | exp . TOK_OR exp
   58    | TOK_NOT exp .

    TOK_MAS        shift, and go to state 100
    TOK_MENOS      shift, and go to state 101
    TOK_DIVISION   shift, and go to state 102
    TOK_ASTERISCO  shift, and go to state 103

    $default  reduce using rule 58 (exp)


State 100

   51 exp: exp TOK_MAS . exp

    TOK_PARENTESISIZQUIERDO  shift, and go to state 64
    TOK_MENOS                shift, and go to state 65
    TOK_NOT                  shift, and go to state 66
    TOK_IDENTIFICADOR        shift, and go to state 67
    TOK_CONSTANTE_ENTERA     shift, and go to state 68
    TOK_TRUE                 shift, and go to state 69
    TOK_FALSE                shift, and go to state 70

    elemento_vector      go to state 71
    exp                  go to state 126
    idf_llamada_funcion  go to state 73
    constante            go to state 74
    constante_logica     go to state 75
    constante_entera     go to state 76


State 101

   52 exp: exp TOK_MENOS . exp

    TOK_PARENTESISIZQUIERDO  shift, and go to state 64
    TOK_MENOS                shift, and go to state 65
    TOK_NOT                  shift, and go to state 66
    TOK_IDENTIFICADOR        shift, and go to state 67
    TOK_CONSTANTE_ENTERA     shift, and go to state 68
    TOK_TRUE                 shift, and go to state 69
    TOK_FALSE                shift, and go to state 70

    elemento_vector      go to state 71
    exp                  go to state 127
    idf_llamada_funcion  go to state 73
    constante            go to state 74
    constante_logica     go to state 75
    constante_entera     go to state 76


State 102

   53 exp: exp TOK_DIVISION . exp

    TOK_PARENTESISIZQUIERDO  shift, and go to state 64
    TOK_MENOS                shift, and go to state 65
    TOK_NOT                  shift, and go to state 66
    TOK_IDENTIFICADOR        shift, and go to state 67
    TOK_CONSTANTE_ENTERA     shift, and go to state 68
    TOK_TRUE                 shift, and go to state 69
    TOK_FALSE                shift, and go to state 70

    elemento_vector      go to state 71
    exp                  go to state 128
    idf_llamada_funcion  go to state 73
    constante            go to state 74
    constante_logica     go to state 75
    constante_entera     go to state 76


State 103

   54 exp: exp TOK_ASTERISCO . exp

    TOK_PARENTESISIZQUIERDO  shift, and go to state 64
    TOK_MENOS                shift, and go to state 65
    TOK_NOT                  shift, and go to state 66
    TOK_IDENTIFICADOR        shift, and go to state 67
    TOK_CONSTANTE_ENTERA     shift, and go to state 68
    TOK_TRUE                 shift, and go to state 69
    TOK_FALSE                shift, and go to state 70

    elemento_vector      go to state 71
    exp                  go to state 129
    idf_llamada_funcion  go to state 73
    constante            go to state 74
    constante_logica     go to state 75
    constante_entera     go to state 76


State 104

   56 exp: exp TOK_AND . exp

    TOK_PARENTESISIZQUIERDO  shift, and go to state 64
    TOK_MENOS                shift, and go to state 65
    TOK_NOT                  shift, and go to state 66
    TOK_IDENTIFICADOR        shift, and go to state 67
    TOK_CONSTANTE_ENTERA     shift, and go to state 68
    TOK_TRUE                 shift, and go to state 69
    TOK_FALSE                shift, and go to state 70

    elemento_vector      go to state 71
    exp                  go to state 130
    idf_llamada_funcion  go to state 73
    constante            go to state 74
    constante_logica     go to state 75
    constante_entera     go to state 76


State 105

   57 exp: exp TOK_OR . exp

    TOK_PARENTESISIZQUIERDO  shift, and go to state 64
    TOK_MENOS                shift, and go to state 65
    TOK_NOT                  shift, and go to state 66
    TOK_IDENTIFICADOR        shift, and go to state 67
    TOK_CONSTANTE_ENTERA     shift, and go to state 68
    TOK_TRUE                 shift, and go to state 69
    TOK_FALSE                shift, and go to state 70

    elemento_vector      go to state 71
    exp                  go to state 131
    idf_llamada_funcion  go to state 73
    constante            go to state 74
    constante_logica     go to state 75
    constante_entera     go to state 76


State 106

   64 exp: idf_llamada_funcion TOK_PARENTESISIZQUIERDO . lista_expresiones TOK_PARENTESISDERECHO

    TOK_PARENTESISIZQUIERDO  shift, and go to state 64
    TOK_MENOS                shift, and go to state 65
    TOK_NOT                  shift, and go to state 66
    TOK_IDENTIFICADOR        shift, and go to state 67
    TOK_CONSTANTE_ENTERA     shift, and go to state 68
    TOK_TRUE                 shift, and go to state 69
    TOK_FALSE                shift, and go to state 70

    $default  reduce using rule 67 (lista_expresiones)

    elemento_vector      go to state 71
    exp                  go to state 132
    idf_llamada_funcion  go to state 73
    lista_expresiones    go to state 133
    constante            go to state 74
    constante_logica     go to state 75
    constante_entera     go to state 76


State 107

   39 elemento_vector: TOK_IDENTIFICADOR TOK_CORCHETEIZQUIERDO exp . TOK_CORCHETEDERECHO
   51 exp: exp . TOK_MAS exp
   52    | exp . TOK_MENOS exp
   53    | exp . TOK_DIVISION exp
   54    | exp . TOK_ASTERISCO exp
   56    | exp . TOK_AND exp
   57    | exp . TOK_OR exp

    TOK_CORCHETEDERECHO  shift, and go to state 134
    TOK_MAS              shift, and go to state 100
    TOK_MENOS            shift, and go to state 101
    TOK_DIVISION         shift, and go to state 102
    TOK_ASTERISCO        shift, and go to state 103
    TOK_AND              shift, and go to state 104
    TOK_OR               shift, and go to state 105


State 108

   37 asignacion: TOK_IDENTIFICADOR TOK_ASIGNACION exp .
   51 exp: exp . TOK_MAS exp
   52    | exp . TOK_MENOS exp
   53    | exp . TOK_DIVISION exp
   54    | exp . TOK_ASTERISCO exp
   56    | exp . TOK_AND exp
   57    | exp . TOK_OR exp

    TOK_MAS        shift, and go to state 100
    TOK_MENOS      shift, and go to state 101
    TOK_DIVISION   shift, and go to state 102
    TOK_ASTERISCO  shift, and go to state 103
    TOK_AND        shift, and go to state 104
    TOK_OR         shift, and go to state 105

    $default  reduce using rule 37 (asignacion)


State 109

   38 asignacion: elemento_vector TOK_ASIGNACION exp .
   51 exp: exp . TOK_MAS exp
   52    | exp . TOK_MENOS exp
   53    | exp . TOK_DIVISION exp
   54    | exp . TOK_ASTERISCO exp
   56    | exp . TOK_AND exp
   57    | exp . TOK_OR exp

    TOK_MAS        shift, and go to state 100
    TOK_MENOS      shift, and go to state 101
    TOK_DIVISION   shift, and go to state 102
    TOK_ASTERISCO  shift, and go to state 103
    TOK_AND        shift, and go to state 104
    TOK_OR         shift, and go to state 105

    $default  reduce using rule 38 (asignacion)


State 110

   40 condicional: if_exp TOK_LLAVEIZQUIERDA sentencias . TOK_LLAVEDERECHA

    TOK_LLAVEDERECHA  shift, and go to state 135


State 111

   41 condicional: if_else_then_else_exp TOK_LLAVEIZQUIERDA sentencias . TOK_LLAVEDERECHA

    TOK_LLAVEDERECHA  shift, and go to state 136


State 112

   43 if_else_then_else_exp: if_else_then_exp TOK_LLAVEIZQUIERDA sentencias . TOK_LLAVEDERECHA TOK_ELSE

    TOK_LLAVEDERECHA  shift, and go to state 137


State 113

   45 bucle: while_exp TOK_LLAVEIZQUIERDA sentencias . TOK_LLAVEDERECHA

    TOK_LLAVEDERECHA  shift, and go to state 138


State 114

   46 while_exp: while_tok TOK_PARENTESISIZQUIERDO exp . TOK_PARENTESISDERECHO
   51 exp: exp . TOK_MAS exp
   52    | exp . TOK_MENOS exp
   53    | exp . TOK_DIVISION exp
   54    | exp . TOK_ASTERISCO exp
   56    | exp . TOK_AND exp
   57    | exp . TOK_OR exp

    TOK_PARENTESISDERECHO  shift, and go to state 139
    TOK_MAS                shift, and go to state 100
    TOK_MENOS              shift, and go to state 101
    TOK_DIVISION           shift, and go to state 102
    TOK_ASTERISCO          shift, and go to state 103
    TOK_AND                shift, and go to state 104
    TOK_OR                 shift, and go to state 105


State 115

   18 fn_declaration: fn_name TOK_PARENTESISIZQUIERDO parametros_funcion TOK_PARENTESISDERECHO TOK_CORCHETEIZQUIERDO . declaraciones_funcion

    TOK_INT      shift, and go to state 5
    TOK_BOOLEAN  shift, and go to state 6
    TOK_ARRAY    shift, and go to state 7

    $default  reduce using rule 26 (declaraciones_funcion)

    declaraciones          go to state 140
    declaracion            go to state 9
    clase                  go to state 10
    clase_escalar          go to state 11
    tipo                   go to state 12
    clase_vector           go to state 13
    declaraciones_funcion  go to state 141


State 116

   22 resto_parametros_funcion: TOK_PUNTOYCOMA parametro_funcion . resto_parametros_funcion

    TOK_PUNTOYCOMA  shift, and go to state 93

    $default  reduce using rule 23 (resto_parametros_funcion)

    resto_parametros_funcion  go to state 142


State 117

   42 if_exp: TOK_IF TOK_PARENTESISIZQUIERDO exp TOK_PARENTESISDERECHO .
   44 if_else_then_exp: TOK_IF TOK_PARENTESISIZQUIERDO exp TOK_PARENTESISDERECHO .

    TOK_LLAVEIZQUIERDA  reduce using rule 42 (if_exp)
    TOK_LLAVEIZQUIERDA  [reduce using rule 44 (if_else_then_exp)]
    $default            reduce using rule 42 (if_exp)


State 118

   61 exp: TOK_PARENTESISIZQUIERDO exp TOK_PARENTESISDERECHO .

    $default  reduce using rule 61 (exp)


State 119

   70 comparacion: exp TOK_IGUAL . exp

    TOK_PARENTESISIZQUIERDO  shift, and go to state 64
    TOK_MENOS                shift, and go to state 65
    TOK_NOT                  shift, and go to state 66
    TOK_IDENTIFICADOR        shift, and go to state 67
    TOK_CONSTANTE_ENTERA     shift, and go to state 68
    TOK_TRUE                 shift, and go to state 69
    TOK_FALSE                shift, and go to state 70

    elemento_vector      go to state 71
    exp                  go to state 143
    idf_llamada_funcion  go to state 73
    constante            go to state 74
    constante_logica     go to state 75
    constante_entera     go to state 76


State 120

   71 comparacion: exp TOK_DISTINTO . exp

    TOK_PARENTESISIZQUIERDO  shift, and go to state 64
    TOK_MENOS                shift, and go to state 65
    TOK_NOT                  shift, and go to state 66
    TOK_IDENTIFICADOR        shift, and go to state 67
    TOK_CONSTANTE_ENTERA     shift, and go to state 68
    TOK_TRUE                 shift, and go to state 69
    TOK_FALSE                shift, and go to state 70

    elemento_vector      go to state 71
    exp                  go to state 144
    idf_llamada_funcion  go to state 73
    constante            go to state 74
    constante_logica     go to state 75
    constante_entera     go to state 76


State 121

   72 comparacion: exp TOK_MENORIGUAL . exp

    TOK_PARENTESISIZQUIERDO  shift, and go to state 64
    TOK_MENOS                shift, and go to state 65
    TOK_NOT                  shift, and go to state 66
    TOK_IDENTIFICADOR        shift, and go to state 67
    TOK_CONSTANTE_ENTERA     shift, and go to state 68
    TOK_TRUE                 shift, and go to state 69
    TOK_FALSE                shift, and go to state 70

    elemento_vector      go to state 71
    exp                  go to state 145
    idf_llamada_funcion  go to state 73
    constante            go to state 74
    constante_logica     go to state 75
    constante_entera     go to state 76


State 122

   73 comparacion: exp TOK_MAYORIGUAL . exp

    TOK_PARENTESISIZQUIERDO  shift, and go to state 64
    TOK_MENOS                shift, and go to state 65
    TOK_NOT                  shift, and go to state 66
    TOK_IDENTIFICADOR        shift, and go to state 67
    TOK_CONSTANTE_ENTERA     shift, and go to state 68
    TOK_TRUE                 shift, and go to state 69
    TOK_FALSE                shift, and go to state 70

    elemento_vector      go to state 71
    exp                  go to state 146
    idf_llamada_funcion  go to state 73
    constante            go to state 74
    constante_logica     go to state 75
    constante_entera     go to state 76


State 123

   74 comparacion: exp TOK_MENOR . exp

    TOK_PARENTESISIZQUIERDO  shift, and go to state 64
    TOK_MENOS                shift, and go to state 65
    TOK_NOT                  shift, and go to state 66
    TOK_IDENTIFICADOR        shift, and go to state 67
    TOK_CONSTANTE_ENTERA     shift, and go to state 68
    TOK_TRUE                 shift, and go to state 69
    TOK_FALSE                shift, and go to state 70

    elemento_vector      go to state 71
    exp                  go to state 147
    idf_llamada_funcion  go to state 73
    constante            go to state 74
    constante_logica     go to state 75
    constante_entera     go to state 76


State 124

   75 comparacion: exp TOK_MAYOR . exp

    TOK_PARENTESISIZQUIERDO  shift, and go to state 64
    TOK_MENOS                shift, and go to state 65
    TOK_NOT                  shift, and go to state 66
    TOK_IDENTIFICADOR        shift, and go to state 67
    TOK_CONSTANTE_ENTERA     shift, and go to state 68
    TOK_TRUE                 shift, and go to state 69
    TOK_FALSE                shift, and go to state 70

    elemento_vector      go to state 71
    exp                  go to state 148
    idf_llamada_funcion  go to state 73
    constante            go to state 74
    constante_logica     go to state 75
    constante_entera     go to state 76


State 125

   62 exp: TOK_PARENTESISIZQUIERDO comparacion TOK_PARENTESISDERECHO .

    $default  reduce using rule 62 (exp)


State 126

   51 exp: exp . TOK_MAS exp
   51    | exp TOK_MAS exp .
   52    | exp . TOK_MENOS exp
   53    | exp . TOK_DIVISION exp
   54    | exp . TOK_ASTERISCO exp
   56    | exp . TOK_AND exp
   57    | exp . TOK_OR exp

    TOK_DIVISION   shift, and go to state 102
    TOK_ASTERISCO  shift, and go to state 103

    $default  reduce using rule 51 (exp)


State 127

   51 exp: exp . TOK_MAS exp
   52    | exp . TOK_MENOS exp
   52    | exp TOK_MENOS exp .
   53    | exp . TOK_DIVISION exp
   54    | exp . TOK_ASTERISCO exp
   56    | exp . TOK_AND exp
   57    | exp . TOK_OR exp

    TOK_DIVISION   shift, and go to state 102
    TOK_ASTERISCO  shift, and go to state 103

    $default  reduce using rule 52 (exp)


State 128

   51 exp: exp . TOK_MAS exp
   52    | exp . TOK_MENOS exp
   53    | exp . TOK_DIVISION exp
   53    | exp TOK_DIVISION exp .
   54    | exp . TOK_ASTERISCO exp
   56    | exp . TOK_AND exp
   57    | exp . TOK_OR exp

    $default  reduce using rule 53 (exp)


State 129

   51 exp: exp . TOK_MAS exp
   52    | exp . TOK_MENOS exp
   53    | exp . TOK_DIVISION exp
   54    | exp . TOK_ASTERISCO exp
   54    | exp TOK_ASTERISCO exp .
   56    | exp . TOK_AND exp
   57    | exp . TOK_OR exp

    $default  reduce using rule 54 (exp)


State 130

   51 exp: exp . TOK_MAS exp
   52    | exp . TOK_MENOS exp
   53    | exp . TOK_DIVISION exp
   54    | exp . TOK_ASTERISCO exp
   56    | exp . TOK_AND exp
   56    | exp TOK_AND exp .
   57    | exp . TOK_OR exp

    TOK_MAS        shift, and go to state 100
    TOK_MENOS      shift, and go to state 101
    TOK_DIVISION   shift, and go to state 102
    TOK_ASTERISCO  shift, and go to state 103

    $default  reduce using rule 56 (exp)


State 131

   51 exp: exp . TOK_MAS exp
   52    | exp . TOK_MENOS exp
   53    | exp . TOK_DIVISION exp
   54    | exp . TOK_ASTERISCO exp
   56    | exp . TOK_AND exp
   57    | exp . TOK_OR exp
   57    | exp TOK_OR exp .

    TOK_MAS        shift, and go to state 100
    TOK_MENOS      shift, and go to state 101
    TOK_DIVISION   shift, and go to state 102
    TOK_ASTERISCO  shift, and go to state 103

    $default  reduce using rule 57 (exp)


State 132

   51 exp: exp . TOK_MAS exp
   52    | exp . TOK_MENOS exp
   53    | exp . TOK_DIVISION exp
   54    | exp . TOK_ASTERISCO exp
   56    | exp . TOK_AND exp
   57    | exp . TOK_OR exp
   66 lista_expresiones: exp . resto_lista_expresiones

    TOK_COMA       shift, and go to state 149
    TOK_MAS        shift, and go to state 100
    TOK_MENOS      shift, and go to state 101
    TOK_DIVISION   shift, and go to state 102
    TOK_ASTERISCO  shift, and go to state 103
    TOK_AND        shift, and go to state 104
    TOK_OR         shift, and go to state 105

    $default  reduce using rule 69 (resto_lista_expresiones)

    resto_lista_expresiones  go to state 150


State 133

   64 exp: idf_llamada_funcion TOK_PARENTESISIZQUIERDO lista_expresiones . TOK_PARENTESISDERECHO

    TOK_PARENTESISDERECHO  shift, and go to state 151


State 134

   39 elemento_vector: TOK_IDENTIFICADOR TOK_CORCHETEIZQUIERDO exp TOK_CORCHETEDERECHO .

    $default  reduce using rule 39 (elemento_vector)


State 135

   40 condicional: if_exp TOK_LLAVEIZQUIERDA sentencias TOK_LLAVEDERECHA .

    $default  reduce using rule 40 (condicional)


State 136

   41 condicional: if_else_then_else_exp TOK_LLAVEIZQUIERDA sentencias TOK_LLAVEDERECHA .

    $default  reduce using rule 41 (condicional)


State 137

   43 if_else_then_else_exp: if_else_then_exp TOK_LLAVEIZQUIERDA sentencias TOK_LLAVEDERECHA . TOK_ELSE

    TOK_ELSE  shift, and go to state 152


State 138

   45 bucle: while_exp TOK_LLAVEIZQUIERDA sentencias TOK_LLAVEDERECHA .

    $default  reduce using rule 45 (bucle)


State 139

   46 while_exp: while_tok TOK_PARENTESISIZQUIERDO exp TOK_PARENTESISDERECHO .

    $default  reduce using rule 46 (while_exp)


State 140

   25 declaraciones_funcion: declaraciones .

    $default  reduce using rule 25 (declaraciones_funcion)


State 141

   18 fn_declaration: fn_name TOK_PARENTESISIZQUIERDO parametros_funcion TOK_PARENTESISDERECHO TOK_CORCHETEIZQUIERDO declaraciones_funcion .

    $default  reduce using rule 18 (fn_declaration)


State 142

   22 resto_parametros_funcion: TOK_PUNTOYCOMA parametro_funcion resto_parametros_funcion .

    $default  reduce using rule 22 (resto_parametros_funcion)


State 143

   51 exp: exp . TOK_MAS exp
   52    | exp . TOK_MENOS exp
   53    | exp . TOK_DIVISION exp
   54    | exp . TOK_ASTERISCO exp
   56    | exp . TOK_AND exp
   57    | exp . TOK_OR exp
   70 comparacion: exp TOK_IGUAL exp .

    TOK_MAS        shift, and go to state 100
    TOK_MENOS      shift, and go to state 101
    TOK_DIVISION   shift, and go to state 102
    TOK_ASTERISCO  shift, and go to state 103
    TOK_AND        shift, and go to state 104
    TOK_OR         shift, and go to state 105

    $default  reduce using rule 70 (comparacion)


State 144

   51 exp: exp . TOK_MAS exp
   52    | exp . TOK_MENOS exp
   53    | exp . TOK_DIVISION exp
   54    | exp . TOK_ASTERISCO exp
   56    | exp . TOK_AND exp
   57    | exp . TOK_OR exp
   71 comparacion: exp TOK_DISTINTO exp .

    TOK_MAS        shift, and go to state 100
    TOK_MENOS      shift, and go to state 101
    TOK_DIVISION   shift, and go to state 102
    TOK_ASTERISCO  shift, and go to state 103
    TOK_AND        shift, and go to state 104
    TOK_OR         shift, and go to state 105

    $default  reduce using rule 71 (comparacion)


State 145

   51 exp: exp . TOK_MAS exp
   52    | exp . TOK_MENOS exp
   53    | exp . TOK_DIVISION exp
   54    | exp . TOK_ASTERISCO exp
   56    | exp . TOK_AND exp
   57    | exp . TOK_OR exp
   72 comparacion: exp TOK_MENORIGUAL exp .

    TOK_MAS        shift, and go to state 100
    TOK_MENOS      shift, and go to state 101
    TOK_DIVISION   shift, and go to state 102
    TOK_ASTERISCO  shift, and go to state 103
    TOK_AND        shift, and go to state 104
    TOK_OR         shift, and go to state 105

    $default  reduce using rule 72 (comparacion)


State 146

   51 exp: exp . TOK_MAS exp
   52    | exp . TOK_MENOS exp
   53    | exp . TOK_DIVISION exp
   54    | exp . TOK_ASTERISCO exp
   56    | exp . TOK_AND exp
   57    | exp . TOK_OR exp
   73 comparacion: exp TOK_MAYORIGUAL exp .

    TOK_MAS        shift, and go to state 100
    TOK_MENOS      shift, and go to state 101
    TOK_DIVISION   shift, and go to state 102
    TOK_ASTERISCO  shift, and go to state 103
    TOK_AND        shift, and go to state 104
    TOK_OR         shift, and go to state 105

    $default  reduce using rule 73 (comparacion)


State 147

   51 exp: exp . TOK_MAS exp
   52    | exp . TOK_MENOS exp
   53    | exp . TOK_DIVISION exp
   54    | exp . TOK_ASTERISCO exp
   56    | exp . TOK_AND exp
   57    | exp . TOK_OR exp
   74 comparacion: exp TOK_MENOR exp .

    TOK_MAS        shift, and go to state 100
    TOK_MENOS      shift, and go to state 101
    TOK_DIVISION   shift, and go to state 102
    TOK_ASTERISCO  shift, and go to state 103
    TOK_AND        shift, and go to state 104
    TOK_OR         shift, and go to state 105

    $default  reduce using rule 74 (comparacion)


State 148

   51 exp: exp . TOK_MAS exp
   52    | exp . TOK_MENOS exp
   53    | exp . TOK_DIVISION exp
   54    | exp . TOK_ASTERISCO exp
   56    | exp . TOK_AND exp
   57    | exp . TOK_OR exp
   75 comparacion: exp TOK_MAYOR exp .

    TOK_MAS        shift, and go to state 100
    TOK_MENOS      shift, and go to state 101
    TOK_DIVISION   shift, and go to state 102
    TOK_ASTERISCO  shift, and go to state 103
    TOK_AND        shift, and go to state 104
    TOK_OR         shift, and go to state 105

    $default  reduce using rule 75 (comparacion)


State 149

   68 resto_lista_expresiones: TOK_COMA . exp resto_lista_expresiones

    TOK_PARENTESISIZQUIERDO  shift, and go to state 64
    TOK_MENOS                shift, and go to state 65
    TOK_NOT                  shift, and go to state 66
    TOK_IDENTIFICADOR        shift, and go to state 67
    TOK_CONSTANTE_ENTERA     shift, and go to state 68
    TOK_TRUE                 shift, and go to state 69
    TOK_FALSE                shift, and go to state 70

    elemento_vector      go to state 71
    exp                  go to state 153
    idf_llamada_funcion  go to state 73
    constante            go to state 74
    constante_logica     go to state 75
    constante_entera     go to state 76


State 150

   66 lista_expresiones: exp resto_lista_expresiones .

    $default  reduce using rule 66 (lista_expresiones)


State 151

   64 exp: idf_llamada_funcion TOK_PARENTESISIZQUIERDO lista_expresiones TOK_PARENTESISDERECHO .

    $default  reduce using rule 64 (exp)


State 152

   43 if_else_then_else_exp: if_else_then_exp TOK_LLAVEIZQUIERDA sentencias TOK_LLAVEDERECHA TOK_ELSE .

    $default  reduce using rule 43 (if_else_then_else_exp)


State 153

   51 exp: exp . TOK_MAS exp
   52    | exp . TOK_MENOS exp
   53    | exp . TOK_DIVISION exp
   54    | exp . TOK_ASTERISCO exp
   56    | exp . TOK_AND exp
   57    | exp . TOK_OR exp
   68 resto_lista_expresiones: TOK_COMA exp . resto_lista_expresiones

    TOK_COMA       shift, and go to state 149
    TOK_MAS        shift, and go to state 100
    TOK_MENOS      shift, and go to state 101
    TOK_DIVISION   shift, and go to state 102
    TOK_ASTERISCO  shift, and go to state 103
    TOK_AND        shift, and go to state 104
    TOK_OR         shift, and go to state 105

    $default  reduce using rule 69 (resto_lista_expresiones)

    resto_lista_expresiones  go to state 154


State 154

   68 resto_lista_expresiones: TOK_COMA exp resto_lista_expresiones .

    $default  reduce using rule 68 (resto_lista_expresiones)
