Terminales no usados en la gramática

   TOK_MAIN
   TOK_INT
   TOK_BOOLEAN
   TOK_ARRAY
   TOK_FUNCTION
   TOK_IF
   TOK_ELSE
   TOK_WHILE
   TOK_SCANF
   TOK_PRINTF
   TOK_RETURN
   TOK_PUNTOYCOMA
   TOK_COMA
   TOK_PARENTESISIZQUIERDO
   TOK_PARENTESISDERECHO
   TOK_CORCHETEIZQUIERDO
   TOK_CORCHETEDERECHO
   TOK_LLAVEIZQUIERDA
   TOK_LLAVEDERECHA
   TOK_ASIGNACION
   TOK_MAS
   TOK_MENOS
   TOK_DIVISION
   TOK_ASTERISCO
   TOK_AND
   TOK_OR
   TOK_NOT
   TOK_IGUAL
   TOK_DISTINTO
   TOK_MENORIGUAL
   TOK_MAYORIGUAL
   TOK_MENOR
   TOK_MAYOR
   TOK_IDENTIFICADOR
   TOK_CONSTANTE_ENTERA
   TOK_TRUE
   TOK_FALSE
   TOK_ERROR


Gramática

    0 $accept: S $end

    1 S: %empty


Terminales con las reglas donde aparecen

$end (0) 0
error (256)
TOK_MAIN (258)
TOK_INT (259)
TOK_BOOLEAN (260)
TOK_ARRAY (261)
TOK_FUNCTION (262)
TOK_IF (263)
TOK_ELSE (264)
TOK_WHILE (265)
TOK_SCANF (266)
TOK_PRINTF (267)
TOK_RETURN (268)
TOK_PUNTOYCOMA (269)
TOK_COMA (270)
TOK_PARENTESISIZQUIERDO (271)
TOK_PARENTESISDERECHO (272)
TOK_CORCHETEIZQUIERDO (273)
TOK_CORCHETEDERECHO (274)
TOK_LLAVEIZQUIERDA (275)
TOK_LLAVEDERECHA (276)
TOK_ASIGNACION (277)
TOK_MAS (278)
TOK_MENOS (279)
TOK_DIVISION (280)
TOK_ASTERISCO (281)
TOK_AND (282)
TOK_OR (283)
TOK_NOT (284)
TOK_IGUAL (285)
TOK_DISTINTO (286)
TOK_MENORIGUAL (287)
TOK_MAYORIGUAL (288)
TOK_MENOR (289)
TOK_MAYOR (290)
TOK_IDENTIFICADOR (291)
TOK_CONSTANTE_ENTERA (292)
TOK_TRUE (293)
TOK_FALSE (294)
TOK_ERROR (295)


No terminales con las reglas donde aparecen

$accept (41)
    en la izquierda: 0
S (42)
    en la izquierda: 1, en la derecha: 0


Estado 0

    0 $accept: . S $end

    $default  reduce usando la regla 1 (S)

    S  ir al estado 1


Estado 1

    0 $accept: S . $end

    $end  desplazar e ir al estado 2


Estado 2

    0 $accept: S $end .

    $default  aceptar
